  [1m[35m (0.8ms)[0m  [1m[34mSELECT sqlite_version(*)[0m
  [1m[35m (0.5ms)[0m  [1m[35mCREATE TABLE "schema_migrations" ("version" varchar NOT NULL PRIMARY KEY)[0m
  [1m[35m (0.5ms)[0m  [1m[35mCREATE TABLE "ar_internal_metadata" ("key" varchar NOT NULL PRIMARY KEY, "value" varchar, "created_at" datetime(6) NOT NULL, "updated_at" datetime(6) NOT NULL)[0m
  [1m[36mActiveRecord::SchemaMigration Pluck (0.1ms)[0m  [1m[34mSELECT "schema_migrations"."version" FROM "schema_migrations" ORDER BY "schema_migrations"."version" ASC[0m
Migrating to CreateBrands (20220902090327)
  [1m[36mTRANSACTION (0.0ms)[0m  [1m[36mbegin transaction[0m
  [1m[35m (0.1ms)[0m  [1m[35mCREATE TABLE "brands" ("id" integer PRIMARY KEY AUTOINCREMENT NOT NULL, "name" varchar, "created_at" datetime(6) NOT NULL, "updated_at" datetime(6) NOT NULL)[0m
  [1m[36mActiveRecord::SchemaMigration Create (0.1ms)[0m  [1m[32mINSERT INTO "schema_migrations" ("version") VALUES (?)[0m  [["version", "20220902090327"]]
  [1m[36mTRANSACTION (0.5ms)[0m  [1m[36mcommit transaction[0m
Migrating to CreateUsers (20220902090347)
  [1m[36mTRANSACTION (0.0ms)[0m  [1m[36mbegin transaction[0m
  [1m[35m (0.1ms)[0m  [1m[35mCREATE TABLE "users" ("id" integer PRIMARY KEY AUTOINCREMENT NOT NULL, "name" varchar, "created_at" datetime(6) NOT NULL, "updated_at" datetime(6) NOT NULL)[0m
  [1m[36mActiveRecord::SchemaMigration Create (0.0ms)[0m  [1m[32mINSERT INTO "schema_migrations" ("version") VALUES (?)[0m  [["version", "20220902090347"]]
  [1m[36mTRANSACTION (0.3ms)[0m  [1m[36mcommit transaction[0m
Migrating to CreateProducts (20220902090741)
  [1m[36mTRANSACTION (0.0ms)[0m  [1m[36mbegin transaction[0m
  [1m[35m (0.1ms)[0m  [1m[35mCREATE TABLE "products" ("id" integer PRIMARY KEY AUTOINCREMENT NOT NULL, "name" varchar, "price" decimal, "brand_id" integer NOT NULL, "created_at" datetime(6) NOT NULL, "updated_at" datetime(6) NOT NULL, CONSTRAINT "fk_rails_f3b4d49caa"
FOREIGN KEY ("brand_id")
  REFERENCES "brands" ("id")
)[0m
  [1m[35m (0.0ms)[0m  [1m[35mCREATE INDEX "index_products_on_brand_id" ON "products" ("brand_id")[0m
  [1m[36mActiveRecord::SchemaMigration Create (0.0ms)[0m  [1m[32mINSERT INTO "schema_migrations" ("version") VALUES (?)[0m  [["version", "20220902090741"]]
  [1m[36mTRANSACTION (0.5ms)[0m  [1m[36mcommit transaction[0m
Migrating to CreateOrders (20220902090855)
  [1m[36mTRANSACTION (0.0ms)[0m  [1m[36mbegin transaction[0m
  [1m[35m (0.1ms)[0m  [1m[35mCREATE TABLE "orders" ("id" integer PRIMARY KEY AUTOINCREMENT NOT NULL, "order_date" date, "total_price" decimal, "user_id" integer NOT NULL, "created_at" datetime(6) NOT NULL, "updated_at" datetime(6) NOT NULL, CONSTRAINT "fk_rails_f868b47f6a"
FOREIGN KEY ("user_id")
  REFERENCES "users" ("id")
)[0m
  [1m[35m (0.0ms)[0m  [1m[35mCREATE INDEX "index_orders_on_user_id" ON "orders" ("user_id")[0m
  [1m[36mActiveRecord::SchemaMigration Create (0.0ms)[0m  [1m[32mINSERT INTO "schema_migrations" ("version") VALUES (?)[0m  [["version", "20220902090855"]]
  [1m[36mTRANSACTION (0.5ms)[0m  [1m[36mcommit transaction[0m
  [1m[36mActiveRecord::InternalMetadata Load (0.1ms)[0m  [1m[34mSELECT "ar_internal_metadata".* FROM "ar_internal_metadata" WHERE "ar_internal_metadata"."key" = ? LIMIT ?[0m  [["key", "environment"], ["LIMIT", 1]]
  [1m[36mTRANSACTION (0.0ms)[0m  [1m[36mbegin transaction[0m
  [1m[36mActiveRecord::InternalMetadata Create (0.1ms)[0m  [1m[32mINSERT INTO "ar_internal_metadata" ("key", "value", "created_at", "updated_at") VALUES (?, ?, ?, ?)[0m  [["key", "environment"], ["value", "development"], ["created_at", "2022-09-02 09:37:58.716099"], ["updated_at", "2022-09-02 09:37:58.716099"]]
  [1m[36mTRANSACTION (0.3ms)[0m  [1m[36mcommit transaction[0m
  [1m[35m (0.0ms)[0m  [1m[34mSELECT sqlite_version(*)[0m
  [1m[36mActiveRecord::SchemaMigration Pluck (0.0ms)[0m  [1m[34mSELECT "schema_migrations"."version" FROM "schema_migrations" ORDER BY "schema_migrations"."version" ASC[0m
  [1m[35m (0.5ms)[0m  [1m[34mSELECT sqlite_version(*)[0m
  [1m[36mActiveRecord::SchemaMigration Pluck (0.0ms)[0m  [1m[34mSELECT "schema_migrations"."version" FROM "schema_migrations" ORDER BY "schema_migrations"."version" ASC[0m
Migrating to CreateOrderProducts (20220905061643)
  [1m[36mTRANSACTION (0.0ms)[0m  [1m[36mbegin transaction[0m
  [1m[35m (0.2ms)[0m  [1m[35mCREATE TABLE "order_products" ("id" integer PRIMARY KEY AUTOINCREMENT NOT NULL, "order_id" integer NOT NULL, "product_id" integer NOT NULL, "created_at" datetime(6) NOT NULL, "updated_at" datetime(6) NOT NULL, CONSTRAINT "fk_rails_f40b8ccee4"
FOREIGN KEY ("order_id")
  REFERENCES "orders" ("id")
, CONSTRAINT "fk_rails_96c0709f78"
FOREIGN KEY ("product_id")
  REFERENCES "products" ("id")
)[0m
  [1m[35m (0.1ms)[0m  [1m[35mCREATE INDEX "index_order_products_on_order_id" ON "order_products" ("order_id")[0m
  [1m[35m (0.0ms)[0m  [1m[35mCREATE INDEX "index_order_products_on_product_id" ON "order_products" ("product_id")[0m
  [1m[36mActiveRecord::SchemaMigration Create (0.1ms)[0m  [1m[32mINSERT INTO "schema_migrations" ("version") VALUES (?)[0m  [["version", "20220905061643"]]
  [1m[36mTRANSACTION (0.5ms)[0m  [1m[36mcommit transaction[0m
  [1m[36mActiveRecord::InternalMetadata Load (0.0ms)[0m  [1m[34mSELECT "ar_internal_metadata".* FROM "ar_internal_metadata" WHERE "ar_internal_metadata"."key" = ? LIMIT ?[0m  [["key", "environment"], ["LIMIT", 1]]
  [1m[35m (0.0ms)[0m  [1m[34mSELECT sqlite_version(*)[0m
  [1m[36mActiveRecord::SchemaMigration Pluck (0.0ms)[0m  [1m[34mSELECT "schema_migrations"."version" FROM "schema_migrations" ORDER BY "schema_migrations"."version" ASC[0m
  [1m[35m (1.1ms)[0m  [1m[34mSELECT sqlite_version(*)[0m
  [1m[36mUser Load (0.3ms)[0m  [1m[34mSELECT "users".* FROM "users"[0m
  [1m[36mOrder Load (1.5ms)[0m  [1m[34mSELECT count(id) as id, user_id FROM "orders" GROUP BY "orders"."user_id"[0m
  [1m[36mOrder Load (0.2ms)[0m  [1m[34mSELECT count(id) as id, user_id FROM "orders" GROUP BY "orders"."user_id" HAVING "orders"."user_id" = ?[0m  [["user_id", 1]]
  [1m[36mUser Load (0.4ms)[0m  [1m[34mSELECT "users".* FROM "users"[0m
  [1m[36mUser Load (0.4ms)[0m  [1m[34mSELECT "users".* FROM "users"[0m
  [1m[36mOrder Load (0.4ms)[0m  [1m[34mSELECT count(id) as id, user_id FROM "orders" GROUP BY "orders"."user_id" HAVING "orders"."user_id" = ?[0m  [["user_id", 1]]
Started GET "/" for ::1 at 2022-09-12 14:38:38 +0530
  [1m[35m (0.4ms)[0m  [1m[34mSELECT sqlite_version(*)[0m
  [1m[36mActiveRecord::SchemaMigration Pluck (0.1ms)[0m  [1m[34mSELECT "schema_migrations"."version" FROM "schema_migrations" ORDER BY "schema_migrations"."version" ASC[0m
Processing by Rails::WelcomeController#index as HTML
  Rendering /Users/nishant/.rvm/gems/ruby-3.1.2/gems/railties-7.0.3.1/lib/rails/templates/rails/welcome/index.html.erb
  Rendered /Users/nishant/.rvm/gems/ruby-3.1.2/gems/railties-7.0.3.1/lib/rails/templates/rails/welcome/index.html.erb (Duration: 1.3ms | Allocations: 657)
Completed 200 OK in 11ms (Views: 4.3ms | ActiveRecord: 0.0ms | Allocations: 5115)


Started GET "/addresses" for ::1 at 2022-09-12 14:40:41 +0530
  [1m[35m (0.3ms)[0m  [1m[34mSELECT sqlite_version(*)[0m
  [1m[36mActiveRecord::SchemaMigration Pluck (0.0ms)[0m  [1m[34mSELECT "schema_migrations"."version" FROM "schema_migrations" ORDER BY "schema_migrations"."version" ASC[0m
  [1m[36mCACHE ActiveRecord::SchemaMigration Pluck (0.0ms)[0m  [1m[34mSELECT "schema_migrations"."version" FROM "schema_migrations" ORDER BY "schema_migrations"."version" ASC[0m
  
ActiveRecord::PendingMigrationError (

Migrations are pending. To resolve this issue, run:

        bin/rails db:migrate RAILS_ENV=development

You have 1 pending migration:

20220912091005_create_addresses.rb


):
  
activerecord (7.0.3.1) lib/active_record/migration.rb:627:in `check_pending!'
activerecord (7.0.3.1) lib/active_record/migration.rb:592:in `block (2 levels) in call'
activesupport (7.0.3.1) lib/active_support/file_update_checker.rb:83:in `execute'
activerecord (7.0.3.1) lib/active_record/migration.rb:597:in `block in call'
activerecord (7.0.3.1) lib/active_record/migration.rb:589:in `synchronize'
activerecord (7.0.3.1) lib/active_record/migration.rb:589:in `call'
actionpack (7.0.3.1) lib/action_dispatch/middleware/callbacks.rb:27:in `block in call'
activesupport (7.0.3.1) lib/active_support/callbacks.rb:99:in `run_callbacks'
actionpack (7.0.3.1) lib/action_dispatch/middleware/callbacks.rb:26:in `call'
actionpack (7.0.3.1) lib/action_dispatch/middleware/executor.rb:14:in `call'
actionpack (7.0.3.1) lib/action_dispatch/middleware/actionable_exceptions.rb:17:in `call'
actionpack (7.0.3.1) lib/action_dispatch/middleware/debug_exceptions.rb:28:in `call'
web-console (4.2.0) lib/web_console/middleware.rb:132:in `call_app'
web-console (4.2.0) lib/web_console/middleware.rb:28:in `block in call'
web-console (4.2.0) lib/web_console/middleware.rb:17:in `catch'
web-console (4.2.0) lib/web_console/middleware.rb:17:in `call'
actionpack (7.0.3.1) lib/action_dispatch/middleware/show_exceptions.rb:26:in `call'
railties (7.0.3.1) lib/rails/rack/logger.rb:40:in `call_app'
railties (7.0.3.1) lib/rails/rack/logger.rb:25:in `block in call'
activesupport (7.0.3.1) lib/active_support/tagged_logging.rb:114:in `block in tagged'
activesupport (7.0.3.1) lib/active_support/tagged_logging.rb:38:in `tagged'
activesupport (7.0.3.1) lib/active_support/tagged_logging.rb:114:in `tagged'
railties (7.0.3.1) lib/rails/rack/logger.rb:25:in `call'
sprockets-rails (3.4.2) lib/sprockets/rails/quiet_assets.rb:13:in `call'
actionpack (7.0.3.1) lib/action_dispatch/middleware/remote_ip.rb:93:in `call'
actionpack (7.0.3.1) lib/action_dispatch/middleware/request_id.rb:26:in `call'
rack (2.2.4) lib/rack/method_override.rb:24:in `call'
rack (2.2.4) lib/rack/runtime.rb:22:in `call'
activesupport (7.0.3.1) lib/active_support/cache/strategy/local_cache_middleware.rb:29:in `call'
actionpack (7.0.3.1) lib/action_dispatch/middleware/server_timing.rb:20:in `call'
actionpack (7.0.3.1) lib/action_dispatch/middleware/executor.rb:14:in `call'
actionpack (7.0.3.1) lib/action_dispatch/middleware/static.rb:23:in `call'
rack (2.2.4) lib/rack/sendfile.rb:110:in `call'
actionpack (7.0.3.1) lib/action_dispatch/middleware/host_authorization.rb:137:in `call'
railties (7.0.3.1) lib/rails/engine.rb:530:in `call'
puma (5.6.5) lib/puma/configuration.rb:252:in `call'
puma (5.6.5) lib/puma/request.rb:77:in `block in handle_request'
puma (5.6.5) lib/puma/thread_pool.rb:340:in `with_force_shutdown'
puma (5.6.5) lib/puma/request.rb:76:in `handle_request'
puma (5.6.5) lib/puma/server.rb:443:in `process_client'
puma (5.6.5) lib/puma/thread_pool.rb:147:in `block in spawn_thread'
  [1m[35m (0.3ms)[0m  [1m[34mSELECT sqlite_version(*)[0m
  [1m[36mActiveRecord::SchemaMigration Pluck (0.0ms)[0m  [1m[34mSELECT "schema_migrations"."version" FROM "schema_migrations" ORDER BY "schema_migrations"."version" ASC[0m
Migrating to CreateAddresses (20220912091005)
  [1m[36mTRANSACTION (0.0ms)[0m  [1m[36mbegin transaction[0m
  [1m[35m (0.2ms)[0m  [1m[35mCREATE TABLE "addresses" ("id" integer PRIMARY KEY AUTOINCREMENT NOT NULL, "name" varchar, "street" varchar, "landmark" varchar, "city" varchar(50), "state" varchar(50), "country" varchar, "pincode" integer, "active" boolean DEFAULT 1, "created_at" datetime(6) NOT NULL, "updated_at" datetime(6) NOT NULL)[0m
  [1m[36mActiveRecord::SchemaMigration Create (0.1ms)[0m  [1m[32mINSERT INTO "schema_migrations" ("version") VALUES (?)[0m  [["version", "20220912091005"]]
  [1m[36mTRANSACTION (0.5ms)[0m  [1m[36mcommit transaction[0m
  [1m[36mActiveRecord::InternalMetadata Load (0.2ms)[0m  [1m[34mSELECT "ar_internal_metadata".* FROM "ar_internal_metadata" WHERE "ar_internal_metadata"."key" = ? LIMIT ?[0m  [["key", "environment"], ["LIMIT", 1]]
  [1m[35m (0.0ms)[0m  [1m[34mSELECT sqlite_version(*)[0m
  [1m[36mActiveRecord::SchemaMigration Pluck (0.0ms)[0m  [1m[34mSELECT "schema_migrations"."version" FROM "schema_migrations" ORDER BY "schema_migrations"."version" ASC[0m
Started GET "/addresses" for ::1 at 2022-09-12 14:41:28 +0530
  [1m[35m (0.1ms)[0m  [1m[34mSELECT sqlite_version(*)[0m
  [1m[36mActiveRecord::SchemaMigration Pluck (0.1ms)[0m  [1m[34mSELECT "schema_migrations"."version" FROM "schema_migrations" ORDER BY "schema_migrations"."version" ASC[0m
Processing by AddressesController#index as HTML
  Rendering layout layouts/application.html.erb
  Rendering addresses/index.html.erb within layouts/application
  [1m[36mAddress Load (0.1ms)[0m  [1m[34mSELECT "addresses".* FROM "addresses"[0m
  ↳ app/views/addresses/index.html.erb:6
  Rendered addresses/index.html.erb within layouts/application (Duration: 2.3ms | Allocations: 1379)
  Rendered layout layouts/application.html.erb (Duration: 994.9ms | Allocations: 91695)
Completed 200 OK in 1009ms (Views: 1004.3ms | ActiveRecord: 0.1ms | Allocations: 94718)


Started GET "/addresses/new" for ::1 at 2022-09-12 14:41:32 +0530
Processing by AddressesController#new as HTML
  Rendering layout layouts/application.html.erb
  Rendering addresses/new.html.erb within layouts/application
  Rendered addresses/_form.html.erb (Duration: 22.5ms | Allocations: 7252)
  Rendered addresses/new.html.erb within layouts/application (Duration: 25.1ms | Allocations: 7623)
  Rendered layout layouts/application.html.erb (Duration: 27.7ms | Allocations: 9949)
Completed 200 OK in 43ms (Views: 28.3ms | ActiveRecord: 1.7ms | Allocations: 16789)


Started POST "/addresses" for ::1 at 2022-09-12 14:41:59 +0530
Processing by AddressesController#create as TURBO_STREAM
  Parameters: {"authenticity_token"=>"[FILTERED]", "address"=>{"name"=>"Home", "street"=>"Xyz Residebcy", "landmark"=>"Sudama Chawk", "city"=>"Surat", "state"=>"Gujarat", "country"=>"India", "pincode"=>"394101", "active"=>"1"}, "commit"=>"Create Address"}
  [1m[36mTRANSACTION (0.1ms)[0m  [1m[36mbegin transaction[0m
  ↳ app/controllers/addresses_controller.rb:27:in `block in create'
  [1m[36mAddress Create (0.5ms)[0m  [1m[32mINSERT INTO "addresses" ("name", "street", "landmark", "city", "state", "country", "pincode", "active", "created_at", "updated_at") VALUES (?, ?, ?, ?, ?, ?, ?, ?, ?, ?)[0m  [["name", "Home"], ["street", "Xyz Residebcy"], ["landmark", "Sudama Chawk"], ["city", "Surat"], ["state", "Gujarat"], ["country", "India"], ["pincode", 394101], ["active", 1], ["created_at", "2022-09-12 09:11:59.923582"], ["updated_at", "2022-09-12 09:11:59.923582"]]
  ↳ app/controllers/addresses_controller.rb:27:in `block in create'
  [1m[36mTRANSACTION (0.8ms)[0m  [1m[36mcommit transaction[0m
  ↳ app/controllers/addresses_controller.rb:27:in `block in create'
Redirected to http://localhost:3000/addresses/1
Completed 302 Found in 7ms (ActiveRecord: 1.4ms | Allocations: 3891)


Started GET "/addresses/1" for ::1 at 2022-09-12 14:41:59 +0530
Processing by AddressesController#show as TURBO_STREAM
  Parameters: {"id"=>"1"}
  [1m[36mAddress Load (0.2ms)[0m  [1m[34mSELECT "addresses".* FROM "addresses" WHERE "addresses"."id" = ? LIMIT ?[0m  [["id", 1], ["LIMIT", 1]]
  ↳ app/controllers/addresses_controller.rb:63:in `set_address'
  Rendering layout layouts/application.html.erb
  Rendering addresses/show.html.erb within layouts/application
  Rendered addresses/_address.html.erb (Duration: 0.6ms | Allocations: 389)
  Rendered addresses/show.html.erb within layouts/application (Duration: 3.4ms | Allocations: 1781)
  Rendered layout layouts/application.html.erb (Duration: 5.7ms | Allocations: 4086)
Completed 200 OK in 9ms (Views: 6.0ms | ActiveRecord: 0.2ms | Allocations: 6922)


Started GET "/addresses/1/edit" for ::1 at 2022-09-12 14:42:04 +0530
Processing by AddressesController#edit as HTML
  Parameters: {"id"=>"1"}
  [1m[36mAddress Load (0.3ms)[0m  [1m[34mSELECT "addresses".* FROM "addresses" WHERE "addresses"."id" = ? LIMIT ?[0m  [["id", 1], ["LIMIT", 1]]
  ↳ app/controllers/addresses_controller.rb:63:in `set_address'
  Rendering layout layouts/application.html.erb
  Rendering addresses/edit.html.erb within layouts/application
  Rendered addresses/_form.html.erb (Duration: 5.8ms | Allocations: 2684)
  Rendered addresses/edit.html.erb within layouts/application (Duration: 7.5ms | Allocations: 2997)
  Rendered layout layouts/application.html.erb (Duration: 11.7ms | Allocations: 5190)
Completed 200 OK in 16ms (Views: 12.4ms | ActiveRecord: 0.3ms | Allocations: 6111)


Started PATCH "/addresses/1" for ::1 at 2022-09-12 14:42:10 +0530
Processing by AddressesController#update as TURBO_STREAM
  Parameters: {"authenticity_token"=>"[FILTERED]", "address"=>{"name"=>"Home", "street"=>"Xyz Residebcy", "landmark"=>"Sudama Chawk, Mota Varachha", "city"=>"Surat", "state"=>"Gujarat", "country"=>"India", "pincode"=>"394101", "active"=>"1"}, "commit"=>"Update Address", "id"=>"1"}
  [1m[36mAddress Load (0.4ms)[0m  [1m[34mSELECT "addresses".* FROM "addresses" WHERE "addresses"."id" = ? LIMIT ?[0m  [["id", 1], ["LIMIT", 1]]
  ↳ app/controllers/addresses_controller.rb:63:in `set_address'
  [1m[36mTRANSACTION (0.2ms)[0m  [1m[36mbegin transaction[0m
  ↳ app/controllers/addresses_controller.rb:40:in `block in update'
  [1m[36mAddress Update (1.0ms)[0m  [1m[33mUPDATE "addresses" SET "landmark" = ?, "updated_at" = ? WHERE "addresses"."id" = ?[0m  [["landmark", "Sudama Chawk, Mota Varachha"], ["updated_at", "2022-09-12 09:12:10.770323"], ["id", 1]]
  ↳ app/controllers/addresses_controller.rb:40:in `block in update'
  [1m[36mTRANSACTION (1.3ms)[0m  [1m[36mcommit transaction[0m
  ↳ app/controllers/addresses_controller.rb:40:in `block in update'
Redirected to http://localhost:3000/addresses/1
Completed 302 Found in 14ms (ActiveRecord: 2.9ms | Allocations: 3174)


Started GET "/addresses/1" for ::1 at 2022-09-12 14:42:10 +0530
Processing by AddressesController#show as TURBO_STREAM
  Parameters: {"id"=>"1"}
  [1m[36mAddress Load (0.1ms)[0m  [1m[34mSELECT "addresses".* FROM "addresses" WHERE "addresses"."id" = ? LIMIT ?[0m  [["id", 1], ["LIMIT", 1]]
  ↳ app/controllers/addresses_controller.rb:63:in `set_address'
  Rendering layout layouts/application.html.erb
  Rendering addresses/show.html.erb within layouts/application
  Rendered addresses/_address.html.erb (Duration: 0.1ms | Allocations: 38)
  Rendered addresses/show.html.erb within layouts/application (Duration: 1.1ms | Allocations: 628)
  Rendered layout layouts/application.html.erb (Duration: 4.1ms | Allocations: 2819)
Completed 200 OK in 6ms (Views: 4.5ms | ActiveRecord: 0.1ms | Allocations: 3584)


Started GET "/addresses" for ::1 at 2022-09-12 14:42:12 +0530
Processing by AddressesController#index as HTML
  Rendering layout layouts/application.html.erb
  Rendering addresses/index.html.erb within layouts/application
  [1m[36mAddress Load (0.3ms)[0m  [1m[34mSELECT "addresses".* FROM "addresses"[0m
  ↳ app/views/addresses/index.html.erb:6
  Rendered addresses/_address.html.erb (Duration: 0.2ms | Allocations: 38)
  Rendered addresses/index.html.erb within layouts/application (Duration: 4.3ms | Allocations: 967)
  Rendered layout layouts/application.html.erb (Duration: 9.6ms | Allocations: 3167)
Completed 200 OK in 29ms (Views: 28.2ms | ActiveRecord: 0.3ms | Allocations: 3458)


Started GET "/addresses/new" for ::1 at 2022-09-12 14:42:14 +0530
Processing by AddressesController#new as HTML
  Rendering layout layouts/application.html.erb
  Rendering addresses/new.html.erb within layouts/application
  Rendered addresses/_form.html.erb (Duration: 5.0ms | Allocations: 2415)
  Rendered addresses/new.html.erb within layouts/application (Duration: 5.4ms | Allocations: 2523)
  Rendered layout layouts/application.html.erb (Duration: 8.7ms | Allocations: 4722)
Completed 200 OK in 11ms (Views: 9.4ms | ActiveRecord: 0.0ms | Allocations: 5015)


Started POST "/addresses" for ::1 at 2022-09-12 14:42:33 +0530
Processing by AddressesController#create as TURBO_STREAM
  Parameters: {"authenticity_token"=>"[FILTERED]", "address"=>{"name"=>"Office", "street"=>"202 Panvel Point", "landmark"=>"Sudama Chawk, Mota Varachha", "city"=>"Surat", "state"=>"Gujarat", "country"=>"India", "pincode"=>"394101", "active"=>"1"}, "commit"=>"Create Address"}
  [1m[36mTRANSACTION (0.2ms)[0m  [1m[36mbegin transaction[0m
  ↳ app/controllers/addresses_controller.rb:27:in `block in create'
  [1m[36mAddress Create (0.9ms)[0m  [1m[32mINSERT INTO "addresses" ("name", "street", "landmark", "city", "state", "country", "pincode", "active", "created_at", "updated_at") VALUES (?, ?, ?, ?, ?, ?, ?, ?, ?, ?)[0m  [["name", "Office"], ["street", "202 Panvel Point"], ["landmark", "Sudama Chawk, Mota Varachha"], ["city", "Surat"], ["state", "Gujarat"], ["country", "India"], ["pincode", 394101], ["active", 1], ["created_at", "2022-09-12 09:12:33.287297"], ["updated_at", "2022-09-12 09:12:33.287297"]]
  ↳ app/controllers/addresses_controller.rb:27:in `block in create'
  [1m[36mTRANSACTION (1.3ms)[0m  [1m[36mcommit transaction[0m
  ↳ app/controllers/addresses_controller.rb:27:in `block in create'
Redirected to http://localhost:3000/addresses/2
Completed 302 Found in 12ms (ActiveRecord: 2.4ms | Allocations: 2353)


Started GET "/addresses/2" for ::1 at 2022-09-12 14:42:33 +0530
Processing by AddressesController#show as TURBO_STREAM
  Parameters: {"id"=>"2"}
  [1m[36mAddress Load (0.1ms)[0m  [1m[34mSELECT "addresses".* FROM "addresses" WHERE "addresses"."id" = ? LIMIT ?[0m  [["id", 2], ["LIMIT", 1]]
  ↳ app/controllers/addresses_controller.rb:63:in `set_address'
  Rendering layout layouts/application.html.erb
  Rendering addresses/show.html.erb within layouts/application
  Rendered addresses/_address.html.erb (Duration: 0.1ms | Allocations: 38)
  Rendered addresses/show.html.erb within layouts/application (Duration: 1.2ms | Allocations: 618)
  Rendered layout layouts/application.html.erb (Duration: 4.3ms | Allocations: 2809)
Completed 200 OK in 6ms (Views: 5.0ms | ActiveRecord: 0.1ms | Allocations: 3574)


Started GET "/addresses" for ::1 at 2022-09-12 14:42:34 +0530
Processing by AddressesController#index as HTML
  Rendering layout layouts/application.html.erb
  Rendering addresses/index.html.erb within layouts/application
  [1m[36mAddress Load (0.5ms)[0m  [1m[34mSELECT "addresses".* FROM "addresses"[0m
  ↳ app/views/addresses/index.html.erb:6
  Rendered addresses/_address.html.erb (Duration: 0.3ms | Allocations: 38)
  Rendered addresses/_address.html.erb (Duration: 0.1ms | Allocations: 37)
  Rendered addresses/index.html.erb within layouts/application (Duration: 6.0ms | Allocations: 1094)
  Rendered layout layouts/application.html.erb (Duration: 12.2ms | Allocations: 3293)
Completed 200 OK in 16ms (Views: 12.9ms | ActiveRecord: 0.5ms | Allocations: 3574)


Started GET "/addresses/1" for ::1 at 2022-09-12 14:42:48 +0530
Processing by AddressesController#show as HTML
  Parameters: {"id"=>"1"}
  [1m[36mAddress Load (0.2ms)[0m  [1m[34mSELECT "addresses".* FROM "addresses" WHERE "addresses"."id" = ? LIMIT ?[0m  [["id", 1], ["LIMIT", 1]]
  ↳ app/controllers/addresses_controller.rb:63:in `set_address'
  Rendering layout layouts/application.html.erb
  Rendering addresses/show.html.erb within layouts/application
  Rendered addresses/_address.html.erb (Duration: 0.9ms | Allocations: 38)
  Rendered addresses/show.html.erb within layouts/application (Duration: 6.0ms | Allocations: 588)
  Rendered layout layouts/application.html.erb (Duration: 16.7ms | Allocations: 2779)
Completed 200 OK in 38ms (Views: 17.8ms | ActiveRecord: 0.2ms | Allocations: 3541)


Started DELETE "/addresses/1" for ::1 at 2022-09-12 14:42:50 +0530
Processing by AddressesController#destroy as TURBO_STREAM
  Parameters: {"authenticity_token"=>"[FILTERED]", "id"=>"1"}
  [1m[36mAddress Load (0.4ms)[0m  [1m[34mSELECT "addresses".* FROM "addresses" WHERE "addresses"."id" = ? LIMIT ?[0m  [["id", 1], ["LIMIT", 1]]
  ↳ app/controllers/addresses_controller.rb:63:in `set_address'
  [1m[36mTRANSACTION (0.1ms)[0m  [1m[36mbegin transaction[0m
  ↳ app/controllers/addresses_controller.rb:52:in `destroy'
  [1m[36mAddress Destroy (1.2ms)[0m  [1m[31mDELETE FROM "addresses" WHERE "addresses"."id" = ?[0m  [["id", 1]]
  ↳ app/controllers/addresses_controller.rb:52:in `destroy'
  [1m[36mTRANSACTION (1.4ms)[0m  [1m[36mcommit transaction[0m
  ↳ app/controllers/addresses_controller.rb:52:in `destroy'
Redirected to http://localhost:3000/addresses
Completed 302 Found in 12ms (ActiveRecord: 3.1ms | Allocations: 2466)


Started GET "/addresses" for ::1 at 2022-09-12 14:42:50 +0530
Processing by AddressesController#index as TURBO_STREAM
  Rendering layout layouts/application.html.erb
  Rendering addresses/index.html.erb within layouts/application
  [1m[36mAddress Load (0.2ms)[0m  [1m[34mSELECT "addresses".* FROM "addresses"[0m
  ↳ app/views/addresses/index.html.erb:6
  Rendered addresses/_address.html.erb (Duration: 0.2ms | Allocations: 38)
  Rendered addresses/index.html.erb within layouts/application (Duration: 2.6ms | Allocations: 969)
  Rendered layout layouts/application.html.erb (Duration: 6.7ms | Allocations: 3168)
Completed 200 OK in 8ms (Views: 7.1ms | ActiveRecord: 0.2ms | Allocations: 3452)


Started GET "/addresses/new" for ::1 at 2022-09-12 14:43:59 +0530
Processing by AddressesController#new as HTML
  Rendering layout layouts/application.html.erb
  Rendering addresses/new.html.erb within layouts/application
  Rendered addresses/_form.html.erb (Duration: 4.0ms | Allocations: 2423)
  Rendered addresses/new.html.erb within layouts/application (Duration: 4.3ms | Allocations: 2531)
  Rendered layout layouts/application.html.erb (Duration: 8.4ms | Allocations: 4747)
Completed 200 OK in 10ms (Views: 9.0ms | ActiveRecord: 0.0ms | Allocations: 5038)


Started GET "/addresses" for ::1 at 2022-09-12 14:44:01 +0530
Processing by AddressesController#index as HTML
  Rendering layout layouts/application.html.erb
  Rendering addresses/index.html.erb within layouts/application
  [1m[36mAddress Load (0.5ms)[0m  [1m[34mSELECT "addresses".* FROM "addresses"[0m
  ↳ app/views/addresses/index.html.erb:6
  Rendered addresses/_address.html.erb (Duration: 0.2ms | Allocations: 38)
  Rendered addresses/index.html.erb within layouts/application (Duration: 5.4ms | Allocations: 945)
  Rendered layout layouts/application.html.erb (Duration: 9.1ms | Allocations: 3144)
Completed 200 OK in 12ms (Views: 9.5ms | ActiveRecord: 0.5ms | Allocations: 3425)


Started GET "/addresses/new" for ::1 at 2022-09-12 14:44:04 +0530
Processing by AddressesController#new as HTML
  Rendering layout layouts/application.html.erb
  Rendering addresses/new.html.erb within layouts/application
  Rendered addresses/_form.html.erb (Duration: 6.8ms | Allocations: 2421)
  Rendered addresses/new.html.erb within layouts/application (Duration: 19.0ms | Allocations: 2529)
  Rendered layout layouts/application.html.erb (Duration: 27.3ms | Allocations: 4730)
Completed 200 OK in 47ms (Views: 45.7ms | ActiveRecord: 0.0ms | Allocations: 5019)


Started GET "/addresses" for ::1 at 2022-09-12 14:44:14 +0530
Processing by AddressesController#index as HTML
  Rendering layout layouts/application.html.erb
  Rendering addresses/index.html.erb within layouts/application
  [1m[36mAddress Load (0.3ms)[0m  [1m[34mSELECT "addresses".* FROM "addresses"[0m
  ↳ app/views/addresses/index.html.erb:6
  Rendered addresses/_address.html.erb (Duration: 0.1ms | Allocations: 38)
  Rendered addresses/index.html.erb within layouts/application (Duration: 2.7ms | Allocations: 947)
  Rendered layout layouts/application.html.erb (Duration: 7.1ms | Allocations: 3154)
Completed 200 OK in 9ms (Views: 7.5ms | ActiveRecord: 0.3ms | Allocations: 3437)


Started GET "/addresses/2" for ::1 at 2022-09-12 14:44:15 +0530
Processing by AddressesController#show as HTML
  Parameters: {"id"=>"2"}
  [1m[36mAddress Load (0.3ms)[0m  [1m[34mSELECT "addresses".* FROM "addresses" WHERE "addresses"."id" = ? LIMIT ?[0m  [["id", 2], ["LIMIT", 1]]
  ↳ app/controllers/addresses_controller.rb:63:in `set_address'
  Rendering layout layouts/application.html.erb
  Rendering addresses/show.html.erb within layouts/application
  Rendered addresses/_address.html.erb (Duration: 0.2ms | Allocations: 38)
  Rendered addresses/show.html.erb within layouts/application (Duration: 2.3ms | Allocations: 597)
  Rendered layout layouts/application.html.erb (Duration: 5.4ms | Allocations: 2790)
Completed 200 OK in 10ms (Views: 6.6ms | ActiveRecord: 0.3ms | Allocations: 3552)


Started GET "/addresses/2/edit" for ::1 at 2022-09-12 14:44:37 +0530
Processing by AddressesController#edit as HTML
  Parameters: {"id"=>"2"}
  [1m[36mAddress Load (0.2ms)[0m  [1m[34mSELECT "addresses".* FROM "addresses" WHERE "addresses"."id" = ? LIMIT ?[0m  [["id", 2], ["LIMIT", 1]]
  ↳ app/controllers/addresses_controller.rb:63:in `set_address'
  Rendering layout layouts/application.html.erb
  Rendering addresses/edit.html.erb within layouts/application
  Rendered addresses/_form.html.erb (Duration: 5.5ms | Allocations: 2538)
  Rendered addresses/edit.html.erb within layouts/application (Duration: 6.0ms | Allocations: 2682)
  Rendered layout layouts/application.html.erb (Duration: 10.6ms | Allocations: 4873)
Completed 200 OK in 15ms (Views: 11.3ms | ActiveRecord: 0.2ms | Allocations: 5635)


Started GET "/addresses" for ::1 at 2022-09-12 14:45:25 +0530
Processing by AddressesController#index as HTML
  Rendering layout layouts/application.html.erb
  Rendering addresses/index.html.erb within layouts/application
  [1m[36mAddress Load (0.5ms)[0m  [1m[34mSELECT "addresses".* FROM "addresses"[0m
  ↳ app/views/addresses/index.html.erb:6
  Rendered addresses/_address.html.erb (Duration: 0.3ms | Allocations: 38)
  Rendered addresses/index.html.erb within layouts/application (Duration: 5.7ms | Allocations: 960)
  Rendered layout layouts/application.html.erb (Duration: 12.6ms | Allocations: 3165)
Completed 200 OK in 32ms (Views: 29.0ms | ActiveRecord: 0.5ms | Allocations: 3446)


Started GET "/addresses/2" for ::1 at 2022-09-12 14:45:27 +0530
Processing by AddressesController#show as HTML
  Parameters: {"id"=>"2"}
  [1m[36mAddress Load (0.5ms)[0m  [1m[34mSELECT "addresses".* FROM "addresses" WHERE "addresses"."id" = ? LIMIT ?[0m  [["id", 2], ["LIMIT", 1]]
  ↳ app/controllers/addresses_controller.rb:63:in `set_address'
  Rendering layout layouts/application.html.erb
  Rendering addresses/show.html.erb within layouts/application
  Rendered addresses/_address.html.erb (Duration: 0.3ms | Allocations: 38)
  Rendered addresses/show.html.erb within layouts/application (Duration: 3.3ms | Allocations: 609)
  Rendered layout layouts/application.html.erb (Duration: 10.4ms | Allocations: 2800)
Completed 200 OK in 17ms (Views: 11.6ms | ActiveRecord: 0.5ms | Allocations: 3562)


Started GET "/addresses/2/edit" for ::1 at 2022-09-12 14:45:28 +0530
Processing by AddressesController#edit as HTML
  Parameters: {"id"=>"2"}
  [1m[36mAddress Load (0.5ms)[0m  [1m[34mSELECT "addresses".* FROM "addresses" WHERE "addresses"."id" = ? LIMIT ?[0m  [["id", 2], ["LIMIT", 1]]
  ↳ app/controllers/addresses_controller.rb:63:in `set_address'
  Rendering layout layouts/application.html.erb
  Rendering addresses/edit.html.erb within layouts/application
  Rendered addresses/_form.html.erb (Duration: 6.2ms | Allocations: 2544)
  Rendered addresses/edit.html.erb within layouts/application (Duration: 7.0ms | Allocations: 2688)
  Rendered layout layouts/application.html.erb (Duration: 11.2ms | Allocations: 4879)
Completed 200 OK in 17ms (Views: 12.6ms | ActiveRecord: 0.5ms | Allocations: 5641)


Started GET "/addresses" for ::1 at 2022-09-12 14:45:50 +0530
Processing by AddressesController#index as HTML
  Rendering layout layouts/application.html.erb
  Rendering addresses/index.html.erb within layouts/application
  [1m[36mAddress Load (0.3ms)[0m  [1m[34mSELECT "addresses".* FROM "addresses"[0m
  ↳ app/views/addresses/index.html.erb:6
  Rendered addresses/_address.html.erb (Duration: 0.2ms | Allocations: 38)
  Rendered addresses/index.html.erb within layouts/application (Duration: 3.4ms | Allocations: 948)
  Rendered layout layouts/application.html.erb (Duration: 8.8ms | Allocations: 3147)
Completed 200 OK in 11ms (Views: 10.0ms | ActiveRecord: 0.3ms | Allocations: 3428)


Started GET "/addresses/2" for ::1 at 2022-09-12 14:45:53 +0530
Processing by AddressesController#show as HTML
  Parameters: {"id"=>"2"}
  [1m[36mAddress Load (0.2ms)[0m  [1m[34mSELECT "addresses".* FROM "addresses" WHERE "addresses"."id" = ? LIMIT ?[0m  [["id", 2], ["LIMIT", 1]]
  ↳ app/controllers/addresses_controller.rb:63:in `set_address'
  Rendering layout layouts/application.html.erb
  Rendering addresses/show.html.erb within layouts/application
  Rendered addresses/_address.html.erb (Duration: 0.2ms | Allocations: 38)
  Rendered addresses/show.html.erb within layouts/application (Duration: 2.0ms | Allocations: 594)
  Rendered layout layouts/application.html.erb (Duration: 7.3ms | Allocations: 2785)
Completed 200 OK in 12ms (Views: 8.2ms | ActiveRecord: 0.2ms | Allocations: 3547)


Started GET "/addresses/2" for ::1 at 2022-09-12 14:48:03 +0530
Processing by AddressesController#show as HTML
  Parameters: {"id"=>"2"}
  [1m[36mAddress Load (0.4ms)[0m  [1m[34mSELECT "addresses".* FROM "addresses" WHERE "addresses"."id" = ? LIMIT ?[0m  [["id", 2], ["LIMIT", 1]]
  ↳ app/controllers/addresses_controller.rb:63:in `set_address'
  Rendering layout layouts/application.html.erb
  Rendering addresses/show.html.erb within layouts/application
  Rendered addresses/_address.html.erb (Duration: 0.1ms | Allocations: 38)
  Rendered addresses/show.html.erb within layouts/application (Duration: 1.5ms | Allocations: 594)
  Rendered layout layouts/application.html.erb (Duration: 4.8ms | Allocations: 2785)
Completed 200 OK in 9ms (Views: 5.6ms | ActiveRecord: 0.4ms | Allocations: 3544)


Started GET "/addresses/2" for ::1 at 2022-09-12 14:50:04 +0530
  [1m[35m (0.3ms)[0m  [1m[34mSELECT sqlite_version(*)[0m
  [1m[36mActiveRecord::SchemaMigration Pluck (0.0ms)[0m  [1m[34mSELECT "schema_migrations"."version" FROM "schema_migrations" ORDER BY "schema_migrations"."version" ASC[0m
Processing by AddressesController#show as HTML
  Parameters: {"id"=>"2"}
  [1m[36mAddress Load (0.0ms)[0m  [1m[34mSELECT "addresses".* FROM "addresses" WHERE "addresses"."id" = ? LIMIT ?[0m  [["id", 2], ["LIMIT", 1]]
  ↳ app/controllers/addresses_controller.rb:63:in `set_address'
  Rendering layout layouts/application.html.erb
  Rendering addresses/show.html.erb within layouts/application
  Rendered addresses/_address.html.erb (Duration: 0.3ms | Allocations: 428)
  Rendered addresses/show.html.erb within layouts/application (Duration: 2.6ms | Allocations: 2251)
  Rendered layout layouts/application.html.erb (Duration: 18.8ms | Allocations: 37350)
Completed 200 OK in 29ms (Views: 20.1ms | ActiveRecord: 0.3ms | Allocations: 50432)


Started GET "/addresses/2" for ::1 at 2022-09-12 14:50:08 +0530
Processing by AddressesController#show as HTML
  Parameters: {"id"=>"2"}
  [1m[36mAddress Load (0.4ms)[0m  [1m[34mSELECT "addresses".* FROM "addresses" WHERE "addresses"."id" = ? LIMIT ?[0m  [["id", 2], ["LIMIT", 1]]
  ↳ app/controllers/addresses_controller.rb:63:in `set_address'
  Rendering layout layouts/application.html.erb
  Rendering addresses/show.html.erb within layouts/application
  Rendered addresses/_address.html.erb (Duration: 0.3ms | Allocations: 45)
  Rendered addresses/show.html.erb within layouts/application (Duration: 3.1ms | Allocations: 730)
  Rendered layout layouts/application.html.erb (Duration: 8.9ms | Allocations: 3023)
Completed 200 OK in 14ms (Views: 9.8ms | ActiveRecord: 0.4ms | Allocations: 3920)


Started DELETE "/addresses/2" for ::1 at 2022-09-12 14:50:12 +0530
  
ActionController::RoutingError (No route matches [DELETE] "/addresses/2"):
  
Started GET "/addresses/2" for ::1 at 2022-09-12 14:50:12 +0530
Processing by AddressesController#show as HTML
  Parameters: {"id"=>"2"}
  [1m[36mAddress Load (0.1ms)[0m  [1m[34mSELECT "addresses".* FROM "addresses" WHERE "addresses"."id" = ? LIMIT ?[0m  [["id", 2], ["LIMIT", 1]]
  ↳ app/controllers/addresses_controller.rb:63:in `set_address'
  Rendering layout layouts/application.html.erb
  Rendering addresses/show.html.erb within layouts/application
  Rendered addresses/_address.html.erb (Duration: 0.1ms | Allocations: 43)
  Rendered addresses/show.html.erb within layouts/application (Duration: 0.6ms | Allocations: 710)
  Rendered layout layouts/application.html.erb (Duration: 2.0ms | Allocations: 3015)
Completed 200 OK in 3ms (Views: 2.2ms | ActiveRecord: 0.1ms | Allocations: 3890)


Started GET "/addresses/2" for ::1 at 2022-09-12 14:54:20 +0530
Processing by AddressesController#show as HTML
  Parameters: {"id"=>"2"}
  [1m[35m (0.0ms)[0m  [1m[34mSELECT sqlite_version(*)[0m
  ↳ app/controllers/addresses_controller.rb:63:in `set_address'
  [1m[36mAddress Load (0.0ms)[0m  [1m[34mSELECT "addresses".* FROM "addresses" WHERE "addresses"."id" = ? LIMIT ?[0m  [["id", 2], ["LIMIT", 1]]
  ↳ app/controllers/addresses_controller.rb:63:in `set_address'
  Rendering layout layouts/application.html.erb
  Rendering addresses/show.html.erb within layouts/application
  Rendered addresses/_address.html.erb (Duration: 0.1ms | Allocations: 77)
  Rendered addresses/show.html.erb within layouts/application (Duration: 0.6ms | Allocations: 887)
  Rendered layout layouts/application.html.erb (Duration: 5.1ms | Allocations: 14816)
Completed 200 OK in 9ms (Views: 5.6ms | ActiveRecord: 0.5ms | Allocations: 20724)


Started GET "/addresses/2" for ::1 at 2022-09-12 14:54:20 +0530
Processing by AddressesController#show as HTML
  Parameters: {"id"=>"2"}
  [1m[36mAddress Load (0.4ms)[0m  [1m[34mSELECT "addresses".* FROM "addresses" WHERE "addresses"."id" = ? LIMIT ?[0m  [["id", 2], ["LIMIT", 1]]
  ↳ app/controllers/addresses_controller.rb:63:in `set_address'
  Rendering layout layouts/application.html.erb
  Rendering addresses/show.html.erb within layouts/application
  Rendered addresses/_address.html.erb (Duration: 0.3ms | Allocations: 38)
  Rendered addresses/show.html.erb within layouts/application (Duration: 3.1ms | Allocations: 597)
  Rendered layout layouts/application.html.erb (Duration: 8.0ms | Allocations: 2789)
Completed 200 OK in 13ms (Views: 9.0ms | ActiveRecord: 0.4ms | Allocations: 3639)


Started DELETE "/addresses/2" for ::1 at 2022-09-12 14:54:22 +0530
Processing by AddressesController#destroy as TURBO_STREAM
  Parameters: {"authenticity_token"=>"[FILTERED]", "id"=>"2"}
  [1m[36mAddress Load (0.4ms)[0m  [1m[34mSELECT "addresses".* FROM "addresses" WHERE "addresses"."id" = ? LIMIT ?[0m  [["id", 2], ["LIMIT", 1]]
  ↳ app/controllers/addresses_controller.rb:63:in `set_address'
  [1m[36mTRANSACTION (0.1ms)[0m  [1m[36mbegin transaction[0m
  ↳ app/controllers/addresses_controller.rb:52:in `destroy'
  [1m[36mAddress Destroy (1.0ms)[0m  [1m[31mDELETE FROM "addresses" WHERE "addresses"."id" = ?[0m  [["id", 2]]
  ↳ app/controllers/addresses_controller.rb:52:in `destroy'
  [1m[36mTRANSACTION (1.7ms)[0m  [1m[36mcommit transaction[0m
  ↳ app/controllers/addresses_controller.rb:52:in `destroy'
Redirected to http://localhost:3000/addresses
Completed 302 Found in 12ms (ActiveRecord: 3.2ms | Allocations: 2782)


Started GET "/addresses" for ::1 at 2022-09-12 14:54:22 +0530
Processing by AddressesController#index as TURBO_STREAM
  Rendering layout layouts/application.html.erb
  Rendering addresses/index.html.erb within layouts/application
  [1m[36mAddress Load (0.2ms)[0m  [1m[34mSELECT "addresses".* FROM "addresses"[0m
  ↳ app/views/addresses/index.html.erb:6
  Rendered addresses/index.html.erb within layouts/application (Duration: 2.9ms | Allocations: 1136)
  Rendered layout layouts/application.html.erb (Duration: 9.5ms | Allocations: 3335)
Completed 200 OK in 11ms (Views: 9.8ms | ActiveRecord: 0.2ms | Allocations: 3765)


Started GET "/addresses/new" for ::1 at 2022-09-12 14:54:24 +0530
Processing by AddressesController#new as HTML
  Rendering layout layouts/application.html.erb
  Rendering addresses/new.html.erb within layouts/application
  Rendered addresses/_form.html.erb (Duration: 28.9ms | Allocations: 5092)
  Rendered addresses/new.html.erb within layouts/application (Duration: 30.7ms | Allocations: 5426)
  Rendered layout layouts/application.html.erb (Duration: 42.3ms | Allocations: 7738)
Completed 200 OK in 45ms (Views: 43.1ms | ActiveRecord: 0.0ms | Allocations: 8139)


Started POST "/addresses" for ::1 at 2022-09-12 14:55:22 +0530
Processing by AddressesController#create as TURBO_STREAM
  Parameters: {"authenticity_token"=>"[FILTERED]", "address"=>{"name"=>"pg", "street"=>"amroli", "landmark"=>"near sbi", "city"=>"surat", "state"=>"gujrat", "country"=>"india", "pincode"=>"494101", "active"=>"1"}, "commit"=>"Create Address"}
  [1m[36mTRANSACTION (0.1ms)[0m  [1m[36mbegin transaction[0m
  ↳ app/controllers/addresses_controller.rb:27:in `block in create'
  [1m[36mAddress Create (0.5ms)[0m  [1m[32mINSERT INTO "addresses" ("name", "street", "landmark", "city", "state", "country", "pincode", "active", "created_at", "updated_at") VALUES (?, ?, ?, ?, ?, ?, ?, ?, ?, ?)[0m  [["name", "pg"], ["street", "amroli"], ["landmark", "near sbi"], ["city", "surat"], ["state", "gujrat"], ["country", "india"], ["pincode", 494101], ["active", 1], ["created_at", "2022-09-12 09:25:22.696341"], ["updated_at", "2022-09-12 09:25:22.696341"]]
  ↳ app/controllers/addresses_controller.rb:27:in `block in create'
  [1m[36mTRANSACTION (1.2ms)[0m  [1m[36mcommit transaction[0m
  ↳ app/controllers/addresses_controller.rb:27:in `block in create'
Redirected to http://localhost:3000/addresses/3
Completed 302 Found in 7ms (ActiveRecord: 1.9ms | Allocations: 3463)


Started GET "/addresses/3" for ::1 at 2022-09-12 14:55:22 +0530
Processing by AddressesController#show as TURBO_STREAM
  Parameters: {"id"=>"3"}
  [1m[36mAddress Load (0.1ms)[0m  [1m[34mSELECT "addresses".* FROM "addresses" WHERE "addresses"."id" = ? LIMIT ?[0m  [["id", 3], ["LIMIT", 1]]
  ↳ app/controllers/addresses_controller.rb:63:in `set_address'
  Rendering layout layouts/application.html.erb
  Rendering addresses/show.html.erb within layouts/application
  Rendered addresses/_address.html.erb (Duration: 0.1ms | Allocations: 39)
  Rendered addresses/show.html.erb within layouts/application (Duration: 0.9ms | Allocations: 689)
  Rendered layout layouts/application.html.erb (Duration: 3.1ms | Allocations: 2887)
Completed 200 OK in 5ms (Views: 3.5ms | ActiveRecord: 0.1ms | Allocations: 3699)


  [1m[35m (0.4ms)[0m  [1m[34mSELECT sqlite_version(*)[0m
  [1m[36mActiveRecord::SchemaMigration Pluck (0.0ms)[0m  [1m[34mSELECT "schema_migrations"."version" FROM "schema_migrations" ORDER BY "schema_migrations"."version" ASC[0m
Migrating to CreateLogIns (20220912093215)
  [1m[36mTRANSACTION (0.0ms)[0m  [1m[36mbegin transaction[0m
  [1m[35m (0.2ms)[0m  [1m[35mCREATE TABLE "log_ins" ("id" integer PRIMARY KEY AUTOINCREMENT NOT NULL, "user" varchar, "city" varchar, "state" varchar, "order" integer, "created_at" datetime(6) NOT NULL, "updated_at" datetime(6) NOT NULL)[0m
  [1m[36mActiveRecord::SchemaMigration Create (0.1ms)[0m  [1m[32mINSERT INTO "schema_migrations" ("version") VALUES (?)[0m  [["version", "20220912093215"]]
  [1m[36mTRANSACTION (0.3ms)[0m  [1m[36mcommit transaction[0m
  [1m[36mActiveRecord::InternalMetadata Load (0.2ms)[0m  [1m[34mSELECT "ar_internal_metadata".* FROM "ar_internal_metadata" WHERE "ar_internal_metadata"."key" = ? LIMIT ?[0m  [["key", "environment"], ["LIMIT", 1]]
  [1m[35m (0.0ms)[0m  [1m[34mSELECT sqlite_version(*)[0m
  [1m[36mActiveRecord::SchemaMigration Pluck (0.0ms)[0m  [1m[34mSELECT "schema_migrations"."version" FROM "schema_migrations" ORDER BY "schema_migrations"."version" ASC[0m
Started GET "/user" for ::1 at 2022-09-12 15:03:00 +0530
  [1m[35m (0.0ms)[0m  [1m[34mSELECT sqlite_version(*)[0m
  [1m[36mActiveRecord::SchemaMigration Pluck (0.0ms)[0m  [1m[34mSELECT "schema_migrations"."version" FROM "schema_migrations" ORDER BY "schema_migrations"."version" ASC[0m
  
ActionController::RoutingError (No route matches [GET] "/user"):
  
Started GET "/user" for ::1 at 2022-09-12 15:09:09 +0530
  [1m[35m (0.3ms)[0m  [1m[34mSELECT sqlite_version(*)[0m
  [1m[36mActiveRecord::SchemaMigration Pluck (0.0ms)[0m  [1m[34mSELECT "schema_migrations"."version" FROM "schema_migrations" ORDER BY "schema_migrations"."version" ASC[0m
  
ActionController::RoutingError (No route matches [GET] "/user"):
  
Started GET "/" for ::1 at 2022-09-12 15:09:19 +0530
Processing by Rails::WelcomeController#index as HTML
  Rendering /Users/nishant/.rvm/gems/ruby-3.1.2/gems/railties-7.0.3.1/lib/rails/templates/rails/welcome/index.html.erb
  Rendered /Users/nishant/.rvm/gems/ruby-3.1.2/gems/railties-7.0.3.1/lib/rails/templates/rails/welcome/index.html.erb (Duration: 0.8ms | Allocations: 329)
Completed 200 OK in 6ms (Views: 1.8ms | ActiveRecord: 0.0ms | Allocations: 2435)


Started GET "/user" for ::1 at 2022-09-12 15:09:34 +0530
  
ActionController::RoutingError (No route matches [GET] "/user"):
  
Started GET "/log_in" for ::1 at 2022-09-12 15:10:14 +0530
  
ActionController::RoutingError (No route matches [GET] "/log_in"):
  
Started GET "/log_ins" for ::1 at 2022-09-12 15:10:50 +0530
Processing by LogInsController#index as HTML
  Rendering layout layouts/application.html.erb
  Rendering log_ins/index.html.erb within layouts/application
  [1m[36mLogIn Load (0.4ms)[0m  [1m[34mSELECT "log_ins".* FROM "log_ins"[0m
  ↳ app/views/log_ins/index.html.erb:6
  Rendered log_ins/index.html.erb within layouts/application (Duration: 3.1ms | Allocations: 1389)
  Rendered layout layouts/application.html.erb (Duration: 66.1ms | Allocations: 36553)
Completed 200 OK in 71ms (Views: 67.3ms | ActiveRecord: 0.4ms | Allocations: 38389)


Started GET "/log_ins/new" for ::1 at 2022-09-12 15:10:54 +0530
Processing by LogInsController#new as HTML
  Rendering layout layouts/application.html.erb
  Rendering log_ins/new.html.erb within layouts/application
  Rendered log_ins/_form.html.erb (Duration: 8.0ms | Allocations: 3732)
  Rendered log_ins/new.html.erb within layouts/application (Duration: 9.2ms | Allocations: 4103)
  Rendered layout layouts/application.html.erb (Duration: 12.8ms | Allocations: 6419)
Completed 200 OK in 27ms (Views: 14.1ms | ActiveRecord: 1.4ms | Allocations: 11330)


Started POST "/log_ins" for ::1 at 2022-09-12 15:11:18 +0530
Processing by LogInsController#create as TURBO_STREAM
  Parameters: {"authenticity_token"=>"[FILTERED]", "log_in"=>{"user"=>"nishant ", "city"=>"bhavnagar", "state"=>"gujrat", "order"=>"5"}, "commit"=>"Create Log in"}
  [1m[36mTRANSACTION (0.2ms)[0m  [1m[36mbegin transaction[0m
  ↳ app/controllers/log_ins_controller.rb:27:in `block in create'
  [1m[36mLogIn Create (1.3ms)[0m  [1m[32mINSERT INTO "log_ins" ("user", "city", "state", "order", "created_at", "updated_at") VALUES (?, ?, ?, ?, ?, ?)[0m  [["user", "nishant "], ["city", "bhavnagar"], ["state", "gujrat"], ["order", 5], ["created_at", "2022-09-12 09:41:18.336739"], ["updated_at", "2022-09-12 09:41:18.336739"]]
  ↳ app/controllers/log_ins_controller.rb:27:in `block in create'
  [1m[36mTRANSACTION (1.1ms)[0m  [1m[36mcommit transaction[0m
  ↳ app/controllers/log_ins_controller.rb:27:in `block in create'
Redirected to http://localhost:3000/log_ins/1
Completed 302 Found in 11ms (ActiveRecord: 2.5ms | Allocations: 3787)


Started GET "/log_ins/1" for ::1 at 2022-09-12 15:11:18 +0530
Processing by LogInsController#show as TURBO_STREAM
  Parameters: {"id"=>"1"}
  [1m[36mLogIn Load (0.2ms)[0m  [1m[34mSELECT "log_ins".* FROM "log_ins" WHERE "log_ins"."id" = ? LIMIT ?[0m  [["id", 1], ["LIMIT", 1]]
  ↳ app/controllers/log_ins_controller.rb:63:in `set_log_in'
  Rendering layout layouts/application.html.erb
  Rendering log_ins/show.html.erb within layouts/application
  Rendered log_ins/_log_in.html.erb (Duration: 0.6ms | Allocations: 292)
  Rendered log_ins/show.html.erb within layouts/application (Duration: 3.5ms | Allocations: 1626)
  Rendered layout layouts/application.html.erb (Duration: 6.2ms | Allocations: 3924)
Completed 200 OK in 11ms (Views: 6.7ms | ActiveRecord: 0.2ms | Allocations: 6737)


Started GET "/log_ins" for ::1 at 2022-09-12 15:11:26 +0530
Processing by LogInsController#index as HTML
  Rendering layout layouts/application.html.erb
  Rendering log_ins/index.html.erb within layouts/application
  [1m[36mLogIn Load (0.5ms)[0m  [1m[34mSELECT "log_ins".* FROM "log_ins"[0m
  ↳ app/views/log_ins/index.html.erb:6
  Rendered log_ins/_log_in.html.erb (Duration: 0.2ms | Allocations: 30)
  Rendered log_ins/index.html.erb within layouts/application (Duration: 5.1ms | Allocations: 1041)
  Rendered layout layouts/application.html.erb (Duration: 10.2ms | Allocations: 3242)
Completed 200 OK in 13ms (Views: 10.7ms | ActiveRecord: 0.5ms | Allocations: 3565)


Started GET "/log_ins/1" for ::1 at 2022-09-12 15:22:20 +0530
Processing by LogInsController#show as HTML
  Parameters: {"id"=>"1"}
  [1m[35m (0.1ms)[0m  [1m[34mSELECT sqlite_version(*)[0m
  ↳ app/controllers/log_ins_controller.rb:63:in `set_log_in'
  [1m[36mLogIn Load (0.3ms)[0m  [1m[34mSELECT "log_ins".* FROM "log_ins" WHERE "log_ins"."id" = ? LIMIT ?[0m  [["id", 1], ["LIMIT", 1]]
  ↳ app/controllers/log_ins_controller.rb:63:in `set_log_in'
  Rendering layout layouts/application.html.erb
  Rendering log_ins/show.html.erb within layouts/application
  Rendered log_ins/_log_in.html.erb (Duration: 0.1ms | Allocations: 30)
  Rendered log_ins/show.html.erb within layouts/application (Duration: 19.4ms | Allocations: 607)
  Rendered layout layouts/application.html.erb (Duration: 29.3ms | Allocations: 2798)
Completed 200 OK in 39ms (Views: 30.0ms | ActiveRecord: 1.2ms | Allocations: 4190)


Started GET "/log_ins/1/edit" for ::1 at 2022-09-12 15:22:36 +0530
Processing by LogInsController#edit as HTML
  Parameters: {"id"=>"1"}
  [1m[36mLogIn Load (0.3ms)[0m  [1m[34mSELECT "log_ins".* FROM "log_ins" WHERE "log_ins"."id" = ? LIMIT ?[0m  [["id", 1], ["LIMIT", 1]]
  ↳ app/controllers/log_ins_controller.rb:63:in `set_log_in'
  Rendering layout layouts/application.html.erb
  Rendering log_ins/edit.html.erb within layouts/application
  Rendered log_ins/_form.html.erb (Duration: 2.4ms | Allocations: 1666)
  Rendered log_ins/edit.html.erb within layouts/application (Duration: 3.6ms | Allocations: 1974)
  Rendered layout layouts/application.html.erb (Duration: 6.7ms | Allocations: 4165)
Completed 200 OK in 13ms (Views: 7.5ms | ActiveRecord: 0.3ms | Allocations: 4976)


Started PATCH "/log_ins/1" for ::1 at 2022-09-12 15:22:47 +0530
Processing by LogInsController#update as TURBO_STREAM
  Parameters: {"authenticity_token"=>"[FILTERED]", "log_in"=>{"user"=>"nishant ", "city"=>"bhavnagar", "state"=>"gujrat", "order"=>"11"}, "commit"=>"Update Log in", "id"=>"1"}
  [1m[36mLogIn Load (0.3ms)[0m  [1m[34mSELECT "log_ins".* FROM "log_ins" WHERE "log_ins"."id" = ? LIMIT ?[0m  [["id", 1], ["LIMIT", 1]]
  ↳ app/controllers/log_ins_controller.rb:63:in `set_log_in'
  [1m[36mTRANSACTION (0.2ms)[0m  [1m[36mbegin transaction[0m
  ↳ app/controllers/log_ins_controller.rb:40:in `block in update'
  [1m[36mLogIn Update (1.0ms)[0m  [1m[33mUPDATE "log_ins" SET "order" = ?, "updated_at" = ? WHERE "log_ins"."id" = ?[0m  [["order", 11], ["updated_at", "2022-09-12 09:52:47.069435"], ["id", 1]]
  ↳ app/controllers/log_ins_controller.rb:40:in `block in update'
  [1m[36mTRANSACTION (1.2ms)[0m  [1m[36mcommit transaction[0m
  ↳ app/controllers/log_ins_controller.rb:40:in `block in update'
Redirected to http://localhost:3000/log_ins/1
Completed 302 Found in 15ms (ActiveRecord: 2.7ms | Allocations: 3086)


Started GET "/log_ins/1" for ::1 at 2022-09-12 15:22:47 +0530
Processing by LogInsController#show as TURBO_STREAM
  Parameters: {"id"=>"1"}
  [1m[36mLogIn Load (0.1ms)[0m  [1m[34mSELECT "log_ins".* FROM "log_ins" WHERE "log_ins"."id" = ? LIMIT ?[0m  [["id", 1], ["LIMIT", 1]]
  ↳ app/controllers/log_ins_controller.rb:63:in `set_log_in'
  Rendering layout layouts/application.html.erb
  Rendering log_ins/show.html.erb within layouts/application
  Rendered log_ins/_log_in.html.erb (Duration: 0.1ms | Allocations: 30)
  Rendered log_ins/show.html.erb within layouts/application (Duration: 1.0ms | Allocations: 611)
  Rendered layout layouts/application.html.erb (Duration: 4.0ms | Allocations: 2802)
Completed 200 OK in 6ms (Views: 4.5ms | ActiveRecord: 0.1ms | Allocations: 3564)


Started GET "/log_ins" for ::1 at 2022-09-12 15:22:52 +0530
Processing by LogInsController#index as HTML
  Rendering layout layouts/application.html.erb
  Rendering log_ins/index.html.erb within layouts/application
  [1m[36mLogIn Load (0.6ms)[0m  [1m[34mSELECT "log_ins".* FROM "log_ins"[0m
  ↳ app/views/log_ins/index.html.erb:6
  Rendered log_ins/_log_in.html.erb (Duration: 0.2ms | Allocations: 30)
  Rendered log_ins/index.html.erb within layouts/application (Duration: 5.2ms | Allocations: 967)
  Rendered layout layouts/application.html.erb (Duration: 11.3ms | Allocations: 3166)
Completed 200 OK in 14ms (Views: 12.0ms | ActiveRecord: 0.6ms | Allocations: 3447)


Started GET "/" for ::1 at 2022-09-12 15:31:01 +0530
Processing by Rails::WelcomeController#index as HTML
  Rendering /Users/nishant/.rvm/gems/ruby-3.1.2/gems/railties-7.0.3.1/lib/rails/templates/rails/welcome/index.html.erb
  Rendered /Users/nishant/.rvm/gems/ruby-3.1.2/gems/railties-7.0.3.1/lib/rails/templates/rails/welcome/index.html.erb (Duration: 1.7ms | Allocations: 323)
Completed 200 OK in 6ms (Views: 3.2ms | Allocations: 914)


Started GET "/log_ins" for ::1 at 2022-09-12 15:31:11 +0530
Processing by LogInsController#index as HTML
  Rendering layout layouts/application.html.erb
  Rendering log_ins/index.html.erb within layouts/application
  [1m[35m (0.1ms)[0m  [1m[34mSELECT sqlite_version(*)[0m
  ↳ app/views/log_ins/index.html.erb:6
  [1m[36mLogIn Load (0.2ms)[0m  [1m[34mSELECT "log_ins".* FROM "log_ins"[0m
  ↳ app/views/log_ins/index.html.erb:6
  Rendered log_ins/_log_in.html.erb (Duration: 0.1ms | Allocations: 34)
  Rendered log_ins/index.html.erb within layouts/application (Duration: 7.3ms | Allocations: 1781)
  Rendered layout layouts/application.html.erb (Duration: 10.7ms | Allocations: 4091)
Completed 200 OK in 13ms (Views: 11.6ms | ActiveRecord: 1.3ms | Allocations: 4392)


